c:\users\p1419778\downloads\simbodybuild\simtkmath\sharedtarget\simtkmath.dir\debug\cpodes.obj
c:\users\p1419778\downloads\simbodybuild\simtkmath\sharedtarget\simtkmath.dir\debug\cpodes_sptfqmr.obj
c:\users\p1419778\downloads\simbodybuild\simtkmath\sharedtarget\simtkmath.dir\debug\sundials_math.obj
c:\users\p1419778\downloads\simbodybuild\simtkmath\sharedtarget\simtkmath.dir\debug\cpodes_direct.obj
c:\users\p1419778\downloads\simbodybuild\simtkmath\sharedtarget\simtkmath.dir\debug\cpodes_root.obj
c:\users\p1419778\downloads\simbodybuild\simtkmath\sharedtarget\simtkmath.dir\debug\sundials_dense.obj
c:\users\p1419778\downloads\simbodybuild\simtkmath\sharedtarget\simtkmath.dir\debug\sundials_spbcgs.obj
c:\users\p1419778\downloads\simbodybuild\simtkmath\sharedtarget\simtkmath.dir\debug\cpodes_dense.obj
c:\users\p1419778\downloads\simbodybuild\simtkmath\sharedtarget\simtkmath.dir\debug\cpodes_spbcgs.obj
c:\users\p1419778\downloads\simbodybuild\simtkmath\sharedtarget\simtkmath.dir\debug\sundials_lapack.obj
c:\users\p1419778\downloads\simbodybuild\simtkmath\sharedtarget\simtkmath.dir\debug\cpodes_band.obj
c:\users\p1419778\downloads\simbodybuild\simtkmath\sharedtarget\simtkmath.dir\debug\cpodes_proj.obj
c:\users\p1419778\downloads\simbodybuild\simtkmath\sharedtarget\simtkmath.dir\debug\fnvector_serial.obj
c:\users\p1419778\downloads\simbodybuild\simtkmath\sharedtarget\simtkmath.dir\debug\sundials_nvector.obj
c:\users\p1419778\downloads\simbodybuild\simtkmath\sharedtarget\simtkmath.dir\debug\cpodes_bandpre.obj
c:\users\p1419778\downloads\simbodybuild\simtkmath\sharedtarget\simtkmath.dir\debug\cpodes_spils.obj
c:\users\p1419778\downloads\simbodybuild\simtkmath\sharedtarget\simtkmath.dir\debug\sundials_iterative.obj
c:\users\p1419778\downloads\simbodybuild\simtkmath\sharedtarget\simtkmath.dir\debug\cpodes_ic.obj
c:\users\p1419778\downloads\simbodybuild\simtkmath\sharedtarget\simtkmath.dir\debug\cpodes_nls.obj
c:\users\p1419778\downloads\simbodybuild\simtkmath\sharedtarget\simtkmath.dir\debug\nvector_serial.obj
c:\users\p1419778\downloads\simbodybuild\simtkmath\sharedtarget\simtkmath.dir\debug\sundials_sptfqmr.obj
c:\users\p1419778\downloads\simbodybuild\simtkmath\sharedtarget\simtkmath.dir\debug\cpodes_bbdpre.obj
c:\users\p1419778\downloads\simbodybuild\simtkmath\sharedtarget\simtkmath.dir\debug\cpodes_lapack.obj
c:\users\p1419778\downloads\simbodybuild\simtkmath\sharedtarget\simtkmath.dir\debug\sundials_direct.obj
c:\users\p1419778\downloads\simbodybuild\simtkmath\sharedtarget\simtkmath.dir\debug\cmaes.obj
c:\users\p1419778\downloads\simbodybuild\simtkmath\sharedtarget\simtkmath.dir\debug\cpodes_io.obj
c:\users\p1419778\downloads\simbodybuild\simtkmath\sharedtarget\simtkmath.dir\debug\cpodes_spgmr.obj
c:\users\p1419778\downloads\simbodybuild\simtkmath\sharedtarget\simtkmath.dir\debug\sundials_band.obj
c:\users\p1419778\downloads\simbodybuild\simtkmath\sharedtarget\simtkmath.dir\debug\sundials_spgmr.obj
c:\users\p1419778\downloads\simbodybuild\simtkmath\sharedtarget\simtkmath.dir\debug\nvector_simtk.obj
c:\users\p1419778\downloads\simbodybuild\simtkmath\sharedtarget\simtkmath.dir\debug\cpodesintegrator.obj
c:\users\p1419778\downloads\simbodybuild\simtkmath\sharedtarget\simtkmath.dir\debug\timestepper.obj
c:\users\p1419778\downloads\simbodybuild\simtkmath\sharedtarget\simtkmath.dir\debug\ipcompoundvector.obj
c:\users\p1419778\downloads\simbodybuild\simtkmath\sharedtarget\simtkmath.dir\debug\ipexpansionmatrix.obj
c:\users\p1419778\downloads\simbodybuild\simtkmath\sharedtarget\simtkmath.dir\debug\ipipoptapplication.obj
c:\users\p1419778\downloads\simbodybuild\simtkmath\sharedtarget\simtkmath.dir\debug\iplowrankaugsystemsolver.obj
c:\users\p1419778\downloads\simbodybuild\simtkmath\sharedtarget\simtkmath.dir\debug\iporigiterationoutput.obj
c:\users\p1419778\downloads\simbodybuild\simtkmath\sharedtarget\simtkmath.dir\debug\iprestoipoptnlp.obj
c:\users\p1419778\downloads\simbodybuild\simtkmath\sharedtarget\simtkmath.dir\debug\ipstdinterfacetnlp.obj
c:\users\p1419778\downloads\simbodybuild\simtkmath\sharedtarget\simtkmath.dir\debug\iptnlpadapter.obj
c:\users\p1419778\downloads\simbodybuild\simtkmath\sharedtarget\simtkmath.dir\debug\iputils.obj
c:\users\p1419778\downloads\simbodybuild\simtkmath\sharedtarget\simtkmath.dir\debug\cmaesoptimizer.obj
c:\users\p1419778\downloads\simbodybuild\simtkmath\sharedtarget\simtkmath.dir\debug\lbfgsb.obj
c:\users\p1419778\downloads\simbodybuild\simtkmath\sharedtarget\simtkmath.dir\debug\contactgeometry_halfspace.obj
c:\users\p1419778\downloads\simbodybuild\simtkmath\sharedtarget\simtkmath.dir\debug\geo_point.obj
c:\users\p1419778\downloads\simbodybuild\simtkmath\sharedtarget\simtkmath.dir\debug\differentiator.obj
c:\users\p1419778\downloads\simbodybuild\simtkmath\sharedtarget\simtkmath.dir\debug\factorsvd.obj
c:\users\p1419778\downloads\simbodybuild\simtkmath\sharedtarget\simtkmath.dir\debug\rungekutta3integrator.obj
c:\users\p1419778\downloads\simbodybuild\simtkmath\sharedtarget\simtkmath.dir\debug\ipalgbuilder.obj
c:\users\p1419778\downloads\simbodybuild\simtkmath\sharedtarget\simtkmath.dir\debug\ipcompoundmatrix.obj
c:\users\p1419778\downloads\simbodybuild\simtkmath\sharedtarget\simtkmath.dir\debug\ipdiagmatrix.obj
c:\users\p1419778\downloads\simbodybuild\simtkmath\sharedtarget\simtkmath.dir\debug\ipinterfacesregop.obj
c:\users\p1419778\downloads\simbodybuild\simtkmath\sharedtarget\simtkmath.dir\debug\iplapacksolverinterface.obj
c:\users\p1419778\downloads\simbodybuild\simtkmath\sharedtarget\simtkmath.dir\debug\ipmonotonemuupdate.obj
c:\users\p1419778\downloads\simbodybuild\simtkmath\sharedtarget\simtkmath.dir\debug\ipprobingmuoracle.obj
c:\users\p1419778\downloads\simbodybuild\simtkmath\sharedtarget\simtkmath.dir\debug\iprestominc_1nrm.obj
c:\users\p1419778\downloads\simbodybuild\simtkmath\sharedtarget\simtkmath.dir\debug\ipsymmatrix.obj
c:\users\p1419778\downloads\simbodybuild\simtkmath\sharedtarget\simtkmath.dir\debug\ipuserscaling.obj
c:\users\p1419778\downloads\simbodybuild\simtkmath\sharedtarget\simtkmath.dir\debug\lbfgs.obj
c:\users\p1419778\downloads\simbodybuild\simtkmath\sharedtarget\simtkmath.dir\debug\contactgeometry_cylinder.obj
c:\users\p1419778\downloads\simbodybuild\simtkmath\sharedtarget\simtkmath.dir\debug\contactgeometry_trianglemesh.obj
c:\users\p1419778\downloads\simbodybuild\simtkmath\sharedtarget\simtkmath.dir\debug\geodesic.obj
c:\users\p1419778\downloads\simbodybuild\simtkmath\sharedtarget\simtkmath.dir\debug\factorqtz.obj
c:\users\p1419778\downloads\simbodybuild\simtkmath\sharedtarget\simtkmath.dir\debug\rungekuttamersonintegrator.obj
c:\users\p1419778\downloads\simbodybuild\simtkmath\sharedtarget\simtkmath.dir\debug\ipaugrestosystemsolver.obj
c:\users\p1419778\downloads\simbodybuild\simtkmath\sharedtarget\simtkmath.dir\debug\ipcompoundsymmatrix.obj
c:\users\p1419778\downloads\simbodybuild\simtkmath\sharedtarget\simtkmath.dir\debug\ipfilter.obj
c:\users\p1419778\downloads\simbodybuild\simtkmath\sharedtarget\simtkmath.dir\debug\ipipoptalg.obj
c:\users\p1419778\downloads\simbodybuild\simtkmath\sharedtarget\simtkmath.dir\debug\iplinearsolversregop.obj
c:\users\p1419778\downloads\simbodybuild\simtkmath\sharedtarget\simtkmath.dir\debug\ipobserver.obj
c:\users\p1419778\downloads\simbodybuild\simtkmath\sharedtarget\simtkmath.dir\debug\ippdperturbationhandler.obj
c:\users\p1419778\downloads\simbodybuild\simtkmath\sharedtarget\simtkmath.dir\debug\iprestorestophase.obj
c:\users\p1419778\downloads\simbodybuild\simtkmath\sharedtarget\simtkmath.dir\debug\ipsymscaledmatrix.obj
c:\users\p1419778\downloads\simbodybuild\simtkmath\sharedtarget\simtkmath.dir\debug\iptriplethelper.obj
c:\users\p1419778\downloads\simbodybuild\simtkmath\sharedtarget\simtkmath.dir\debug\ipwarmstartiterateinitializer.obj
c:\users\p1419778\downloads\simbodybuild\simtkmath\sharedtarget\simtkmath.dir\debug\optimizerrep.obj
c:\users\p1419778\downloads\simbodybuild\simtkmath\sharedtarget\simtkmath.dir\debug\contactgeometry.obj
c:\users\p1419778\downloads\simbodybuild\simtkmath\sharedtarget\simtkmath.dir\debug\geo.obj
c:\users\p1419778\downloads\simbodybuild\simtkmath\sharedtarget\simtkmath.dir\debug\multibodygraphmaker.obj
c:\users\p1419778\downloads\simbodybuild\simtkmath\sharedtarget\simtkmath.dir\debug\lapackinterface.obj
c:\users\p1419778\downloads\simbodybuild\simtkmath\sharedtarget\simtkmath.dir\debug\rungekuttafeldbergintegrator.obj
c:\users\p1419778\downloads\simbodybuild\simtkmath\sharedtarget\simtkmath.dir\debug\ipalgorithmregop.obj
c:\users\p1419778\downloads\simbodybuild\simtkmath\sharedtarget\simtkmath.dir\debug\ipdensevector.obj
c:\users\p1419778\downloads\simbodybuild\simtkmath\sharedtarget\simtkmath.dir\debug\ipgentmatrix.obj
c:\users\p1419778\downloads\simbodybuild\simtkmath\sharedtarget\simtkmath.dir\debug\ipipoptcalculatedquantities.obj
c:\users\p1419778\downloads\simbodybuild\simtkmath\sharedtarget\simtkmath.dir\debug\ipmatrix.obj
c:\users\p1419778\downloads\simbodybuild\simtkmath\sharedtarget\simtkmath.dir\debug\iporigipoptnlp.obj
c:\users\p1419778\downloads\simbodybuild\simtkmath\sharedtarget\simtkmath.dir\debug\iprestoiterateinitializer.obj
c:\users\p1419778\downloads\simbodybuild\simtkmath\sharedtarget\simtkmath.dir\debug\ipstdcinterface.obj
c:\users\p1419778\downloads\simbodybuild\simtkmath\sharedtarget\simtkmath.dir\debug\iptsymlinearsolver.obj
c:\users\p1419778\downloads\simbodybuild\simtkmath\sharedtarget\simtkmath.dir\debug\ipvector.obj
c:\users\p1419778\downloads\simbodybuild\simtkmath\sharedtarget\simtkmath.dir\debug\lbfgsboptimizer.obj
c:\users\p1419778\downloads\simbodybuild\simtkmath\sharedtarget\simtkmath.dir\debug\bicubicsurface.obj
c:\users\p1419778\downloads\simbodybuild\simtkmath\sharedtarget\simtkmath.dir\debug\contactgeometry_sphere.obj
c:\users\p1419778\downloads\simbodybuild\simtkmath\sharedtarget\simtkmath.dir\debug\geo_triangle.obj
c:\users\p1419778\downloads\simbodybuild\simtkmath\sharedtarget\simtkmath.dir\debug\lapackconvert.obj
c:\users\p1419778\downloads\simbodybuild\simtkmath\sharedtarget\simtkmath.dir\debug\abstractintegratorrep.obj
c:\users\p1419778\downloads\simbodybuild\simtkmath\sharedtarget\simtkmath.dir\debug\semiexpliciteuler2integrator.obj
c:\users\p1419778\downloads\simbodybuild\simtkmath\sharedtarget\simtkmath.dir\debug\ipblas.obj
c:\users\p1419778\downloads\simbodybuild\simtkmath\sharedtarget\simtkmath.dir\debug\ipdefaultiterateinitializer.obj
c:\users\p1419778\downloads\simbodybuild\simtkmath\sharedtarget\simtkmath.dir\debug\ipidentitymatrix.obj
c:\users\p1419778\downloads\simbodybuild\simtkmath\sharedtarget\simtkmath.dir\debug\ipjournalist.obj
c:\users\p1419778\downloads\simbodybuild\simtkmath\sharedtarget\simtkmath.dir\debug\ipleastsquaremults.obj
c:\users\p1419778\downloads\simbodybuild\simtkmath\sharedtarget\simtkmath.dir\debug\ipmultivectormatrix.obj
c:\users\p1419778\downloads\simbodybuild\simtkmath\sharedtarget\simtkmath.dir\debug\ippdfullspacesolver.obj
c:\users\p1419778\downloads\simbodybuild\simtkmath\sharedtarget\simtkmath.dir\debug\iprestoiterationoutput.obj
c:\users\p1419778\downloads\simbodybuild\simtkmath\sharedtarget\simtkmath.dir\debug\ipsummatrix.obj
c:\users\p1419778\downloads\simbodybuild\simtkmath\sharedtarget\simtkmath.dir\debug\iptriplettodenseconverter.obj
c:\users\p1419778\downloads\simbodybuild\simtkmath\sharedtarget\simtkmath.dir\debug\lbfgsoptimizer.obj
c:\users\p1419778\downloads\simbodybuild\simtkmath\sharedtarget\simtkmath.dir\debug\contactgeometry_brick.obj
c:\users\p1419778\downloads\simbodybuild\simtkmath\sharedtarget\simtkmath.dir\debug\contactgeometry_torus.obj
c:\users\p1419778\downloads\simbodybuild\simtkmath\sharedtarget\simtkmath.dir\debug\geo_sphere.obj
c:\users\p1419778\downloads\simbodybuild\simtkmath\sharedtarget\simtkmath.dir\debug\about.obj
c:\users\p1419778\downloads\simbodybuild\simtkmath\sharedtarget\simtkmath.dir\debug\eigen.obj
c:\users\p1419778\downloads\simbodybuild\simtkmath\sharedtarget\simtkmath.dir\debug\integrator.obj
c:\users\p1419778\downloads\simbodybuild\simtkmath\sharedtarget\simtkmath.dir\debug\verletintegrator.obj
c:\users\p1419778\downloads\simbodybuild\simtkmath\sharedtarget\simtkmath.dir\debug\ipdebug.obj
c:\users\p1419778\downloads\simbodybuild\simtkmath\sharedtarget\simtkmath.dir\debug\ipexacthessianupdater.obj
c:\users\p1419778\downloads\simbodybuild\simtkmath\sharedtarget\simtkmath.dir\debug\ipiteratesvector.obj
c:\users\p1419778\downloads\simbodybuild\simtkmath\sharedtarget\simtkmath.dir\debug\iplimmemquasinewtonupdater.obj
c:\users\p1419778\downloads\simbodybuild\simtkmath\sharedtarget\simtkmath.dir\debug\ipnlpscaling.obj
c:\users\p1419778\downloads\simbodybuild\simtkmath\sharedtarget\simtkmath.dir\debug\ipqualityfunctionmuoracle.obj
c:\users\p1419778\downloads\simbodybuild\simtkmath\sharedtarget\simtkmath.dir\debug\ipsolvestatistics.obj
c:\users\p1419778\downloads\simbodybuild\simtkmath\sharedtarget\simtkmath.dir\debug\ipsymtmatrix.obj
c:\users\p1419778\downloads\simbodybuild\simtkmath\sharedtarget\simtkmath.dir\debug\cfsqpoptimizer.obj
c:\users\p1419778\downloads\simbodybuild\simtkmath\sharedtarget\simtkmath.dir\debug\contactgeometry_ellipsoid.obj
c:\users\p1419778\downloads\simbodybuild\simtkmath\sharedtarget\simtkmath.dir\debug\contacttracker.obj
c:\users\p1419778\downloads\simbodybuild\simtkmath\sharedtarget\simtkmath.dir\debug\orientedboundingbox.obj
c:\users\p1419778\downloads\simbodybuild\simtkmath\sharedtarget\simtkmath.dir\debug\factor.obj
c:\users\p1419778\downloads\simbodybuild\simtkmath\sharedtarget\simtkmath.dir\debug\rungekutta2integrator.obj
c:\users\p1419778\downloads\simbodybuild\simtkmath\sharedtarget\simtkmath.dir\debug\ipadaptivemuupdate.obj
c:\users\p1419778\downloads\simbodybuild\simtkmath\sharedtarget\simtkmath.dir\debug\ipbacktrackinglinesearch.obj
c:\users\p1419778\downloads\simbodybuild\simtkmath\sharedtarget\simtkmath.dir\debug\ipdensegenmatrix.obj
c:\users\p1419778\downloads\simbodybuild\simtkmath\sharedtarget\simtkmath.dir\debug\ipgradientscaling.obj
c:\users\p1419778\downloads\simbodybuild\simtkmath\sharedtarget\simtkmath.dir\debug\ipipoptdata.obj
c:\users\p1419778\downloads\simbodybuild\simtkmath\sharedtarget\simtkmath.dir\debug\iplowrankupdatesymmatrix.obj
c:\users\p1419778\downloads\simbodybuild\simtkmath\sharedtarget\simtkmath.dir\debug\ipopterrorconvcheck.obj
c:\users\p1419778\downloads\simbodybuild\simtkmath\sharedtarget\simtkmath.dir\debug\iprestofilterconvcheck.obj
c:\users\p1419778\downloads\simbodybuild\simtkmath\sharedtarget\simtkmath.dir\debug\ipstdaugsystemsolver.obj
c:\users\p1419778\downloads\simbodybuild\simtkmath\sharedtarget\simtkmath.dir\debug\iptimingstatistics.obj
c:\users\p1419778\downloads\simbodybuild\simtkmath\sharedtarget\simtkmath.dir\debug\interiorpointoptimizer.obj
c:\users\p1419778\downloads\simbodybuild\simtkmath\sharedtarget\simtkmath.dir\debug\contact.obj
c:\users\p1419778\downloads\simbodybuild\simtkmath\sharedtarget\simtkmath.dir\debug\contactgeometry_smoothheightmap.obj
c:\users\p1419778\downloads\simbodybuild\simtkmath\sharedtarget\simtkmath.dir\debug\geo_box.obj
c:\users\p1419778\downloads\simbodybuild\simtkmath\sharedtarget\simtkmath.dir\debug\gcvspl.obj
c:\users\p1419778\downloads\simbodybuild\simtkmath\sharedtarget\simtkmath.dir\debug\simtkcpodes.obj
c:\users\p1419778\downloads\simbodybuild\simtkmath\sharedtarget\simtkmath.dir\debug\expliciteulerintegrator.obj
c:\users\p1419778\downloads\simbodybuild\simtkmath\sharedtarget\simtkmath.dir\debug\semiexpliciteulerintegrator.obj
c:\users\p1419778\downloads\simbodybuild\simtkmath\sharedtarget\simtkmath.dir\debug\ipdensesymmatrix.obj
c:\users\p1419778\downloads\simbodybuild\simtkmath\sharedtarget\simtkmath.dir\debug\ipfilterlsacceptor.obj
c:\users\p1419778\downloads\simbodybuild\simtkmath\sharedtarget\simtkmath.dir\debug\iplapack.obj
c:\users\p1419778\downloads\simbodybuild\simtkmath\sharedtarget\simtkmath.dir\debug\iploqomuoracle.obj
c:\users\p1419778\downloads\simbodybuild\simtkmath\sharedtarget\simtkmath.dir\debug\ipoptionslist.obj
c:\users\p1419778\downloads\simbodybuild\simtkmath\sharedtarget\simtkmath.dir\debug\ipregoptions.obj
c:\users\p1419778\downloads\simbodybuild\simtkmath\sharedtarget\simtkmath.dir\debug\ipscaledmatrix.obj
c:\users\p1419778\downloads\simbodybuild\simtkmath\sharedtarget\simtkmath.dir\debug\ipsumsymmatrix.obj
c:\users\p1419778\downloads\simbodybuild\simtkmath\sharedtarget\simtkmath.dir\debug\iptaggedobject.obj
c:\users\p1419778\downloads\simbodybuild\simtkmath\sharedtarget\simtkmath.dir\debug\iptriplettocsrconverter.obj
c:\users\p1419778\downloads\simbodybuild\simtkmath\sharedtarget\simtkmath.dir\debug\ipzeromatrix.obj
c:\users\p1419778\downloads\simbodybuild\simtkmath\sharedtarget\simtkmath.dir\debug\optimizer.obj
c:\users\p1419778\downloads\simbodybuild\simtkmath\sharedtarget\simtkmath.dir\debug\collisiondetectionalgorithm.obj
c:\users\p1419778\downloads\simbodybuild\simtkmath\sharedtarget\simtkmath.dir\debug\gcvsplutil.obj
c:\users\p1419778\downloads\simbodybuild\simtkmath\sharedtarget\simtkmath.dir\debug\obbtree.obj
c:\users\p1419778\downloads\simbodybuild\simtkmath\sharedtarget\simtkmath.dir\debug\vc142.pdb
c:\users\p1419778\downloads\simbodybuild\debug\simtkmath_d.lib
c:\users\p1419778\downloads\simbodybuild\debug\simtkmath_d.exp
c:\users\p1419778\downloads\simbodybuild\simtkmath\sharedtarget\cmakefiles\generate.stamp
c:\users\p1419778\downloads\simbodybuild\debug\simtkmath_d.ilk
c:\users\p1419778\downloads\simbodybuild\debug\simtkmath_d.dll
c:\users\p1419778\downloads\simbodybuild\debug\simtkmath_d.pdb
c:\users\p1419778\downloads\simbodybuild\simtkmath\sharedtarget\simtkmath.dir\debug\code - simtkmath.tlog\cl.10300.write.1.tlog
c:\users\p1419778\downloads\simbodybuild\simtkmath\sharedtarget\simtkmath.dir\debug\code - simtkmath.tlog\cl.command.1.tlog
c:\users\p1419778\downloads\simbodybuild\simtkmath\sharedtarget\simtkmath.dir\debug\code - simtkmath.tlog\cl.read.1.tlog
c:\users\p1419778\downloads\simbodybuild\simtkmath\sharedtarget\simtkmath.dir\debug\code - simtkmath.tlog\code - simtkmath.write.1u.tlog
c:\users\p1419778\downloads\simbodybuild\simtkmath\sharedtarget\simtkmath.dir\debug\code - simtkmath.tlog\custombuild.command.1.tlog
c:\users\p1419778\downloads\simbodybuild\simtkmath\sharedtarget\simtkmath.dir\debug\code - simtkmath.tlog\custombuild.read.1.tlog
c:\users\p1419778\downloads\simbodybuild\simtkmath\sharedtarget\simtkmath.dir\debug\code - simtkmath.tlog\custombuild.write.1.tlog
c:\users\p1419778\downloads\simbodybuild\simtkmath\sharedtarget\simtkmath.dir\debug\code - simtkmath.tlog\link.command.1.tlog
c:\users\p1419778\downloads\simbodybuild\simtkmath\sharedtarget\simtkmath.dir\debug\code - simtkmath.tlog\link.read.1.tlog
c:\users\p1419778\downloads\simbodybuild\simtkmath\sharedtarget\simtkmath.dir\debug\code - simtkmath.tlog\link.write.1.tlog
