  Building Custom Rule C:/Users/p1419778/Downloads/simbody-Simbody-3.6.1/simbody-Simbody-3.6.1/Simbody/sharedTarget/CMakeLists.txt
  CMake does not need to re-run because C:/Users/p1419778/Downloads/SimbodyBuild/Simbody/sharedTarget/CMakeFiles/generate.stamp is up-to-date.
  About.cpp
  Assembler.cpp
  AssemblyCondition_Markers.cpp
  AssemblyCondition_OrientationSensors.cpp
  Body.cpp
  CablePath.cpp
  CableSpring.cpp
  CableTrackerSubsystem.cpp
  CompliantContactSubsystem.cpp
  ConditionalConstraint.cpp
  Constraint.cpp
  Constraint_LineOnLineContact.cpp
  Constraint_PointOnPlaneContact.cpp
  Constraint_Rod.cpp
  Constraint_SphereOnPlaneContact.cpp
  Constraint_SphereOnSphereContact.cpp
  ContactTrackerSubsystem.cpp
  DecorationSubsystem.cpp
  ElasticFoundationForce.cpp
  Force.cpp
  ForceSubsystem.cpp
  Force_Gravity.cpp
  Force_Instantiations.cpp
  Force_LinearBushing.cpp
  Force_Thermostat.cpp
  GeneralContactSubsystem.cpp
  GeneralForceSubsystem.cpp
  HuntCrossleyContact.cpp
  HuntCrossleyForce.cpp
  ImpulseSolver.cpp
  LocalEnergyMinimizer.cpp
  Matter_Instantiations.cpp
  MobilizedBody.cpp
  Motion.cpp
  MultibodySystem.cpp
  OBSOLETE_LengthConstraints.cpp
  ObservedPointFitter.cpp
  PGSImpulseSolver.cpp
  PLUSImpulseSolver.cpp
  RigidBodyNode.cpp
  RigidBodyNodeSpec.cpp
  RigidBodyNodeSpec_Derived.cpp
  RigidBodyNode_LoneParticle.cpp
  RigidBodyNode_Weld.cpp
  SemiExplicitEulerTimeStepper.cpp
  SimbodyMatterSubsystem.cpp
  SimbodyMatterSubsystemRep.cpp
  SimbodyMatterSubtree.cpp
  TextDataEventReporter.cpp
  Visualizer.cpp
  VisualizerGeometry.cpp
  VisualizerProtocol.cpp
  Visualizer_InputListener.cpp
  Visualizer_Reporter.cpp
     Creating library C:/Users/p1419778/Downloads/SimbodyBuild/RelWithDebInfo/SimTKsimbody.lib and object C:/Users/p1419778/Downloads/SimbodyBuild/RelWithDebInfo/SimTKsimbody.exp
  SimTKsimbody.vcxproj -> C:\Users\p1419778\Downloads\SimbodyBuild\RelWithDebInfo\SimTKsimbody.dll
