cl : Command line warning D9035: option 'Gm' has been deprecated and will be removed in a future release
  UI.cpp
c:\users\33768\desktop\github\stage\newversion\simbicon_base\release\src\appgui\ui.cpp(24): fatal error C1083: Cannot open include file: 'stdio.h': No such file or directory
  tcltk.cpp
c:\users\33768\desktop\github\stage\newversion\simbicon_base\release\src\include\tcl\tcl.h(159): fatal error C1083: Cannot open include file: 'stdio.h': No such file or directory
  SubGLWindow.cpp
c:\program files (x86)\windows kits\8.1\include\um\winnt.h(31): fatal error C1083: Cannot open include file: 'ctype.h': No such file or directory
  main.cpp
c:\program files (x86)\windows kits\8.1\include\um\winnt.h(31): fatal error C1083: Cannot open include file: 'ctype.h': No such file or directory
  InteractiveWorld.cpp
c:\program files (x86)\windows kits\8.1\include\um\winnt.h(31): fatal error C1083: Cannot open include file: 'ctype.h': No such file or directory
  InteractionInterface.cpp
c:\program files (x86)\windows kits\8.1\include\um\winnt.h(31): fatal error C1083: Cannot open include file: 'ctype.h': No such file or directory
  GLWindow.cpp
c:\users\33768\desktop\github\stage\newversion\simbicon_base\release\src\mathlib\matrix.h(26): fatal error C1083: Cannot open include file: 'stdlib.h': No such file or directory
  Globals.cpp
c:\users\33768\desktop\github\stage\newversion\simbicon_base\release\src\include\tcl\tcl.h(159): fatal error C1083: Cannot open include file: 'stdio.h': No such file or directory
  CurveEditor.cpp
c:\program files (x86)\microsoft visual studio\2017\community\vc\tools\msvc\14.16.27023\include\crtdefs.h(10): fatal error C1083: Cannot open include file: 'corecrt.h': No such file or directory
  ControllerEditor.cpp
c:\program files (x86)\windows kits\8.1\include\um\winnt.h(31): fatal error C1083: Cannot open include file: 'ctype.h': No such file or directory
  Application.cpp
c:\program files (x86)\windows kits\8.1\include\um\winnt.h(31): fatal error C1083: Cannot open include file: 'ctype.h': No such file or directory
  Generating Code...
