c:\users\p1419778\downloads\simbodybuild\cmakefiles\generate.stamp
c:\users\p1419778\downloads\simbodybuild\doc\cmakefiles\generate.stamp
c:\users\p1419778\downloads\simbodybuild\platform\cmakefiles\generate.stamp
c:\users\p1419778\downloads\simbodybuild\simtkcommon\cmakefiles\generate.stamp
c:\users\p1419778\downloads\simbodybuild\simtkcommon\sharedtarget\cmakefiles\generate.stamp
c:\users\p1419778\downloads\simbodybuild\simtkcommon\tests\cmakefiles\generate.stamp
c:\users\p1419778\downloads\simbodybuild\simtkcommon\tests\adhoc\cmakefiles\generate.stamp
c:\users\p1419778\downloads\simbodybuild\simtkmath\cmakefiles\generate.stamp
c:\users\p1419778\downloads\simbodybuild\simtkmath\linearalgebra\cmakefiles\generate.stamp
c:\users\p1419778\downloads\simbodybuild\simtkmath\integrators\cmakefiles\generate.stamp
c:\users\p1419778\downloads\simbodybuild\simtkmath\integrators\src\cpodes\cmakefiles\generate.stamp
c:\users\p1419778\downloads\simbodybuild\simtkmath\integrators\src\cpodes\sundials\cmakefiles\generate.stamp
c:\users\p1419778\downloads\simbodybuild\simtkmath\integrators\src\cpodes\sundials\tests\cmakefiles\generate.stamp
c:\users\p1419778\downloads\simbodybuild\simtkmath\integrators\src\cpodes\tests\cmakefiles\generate.stamp
c:\users\p1419778\downloads\simbodybuild\simtkmath\optimizers\cmakefiles\generate.stamp
c:\users\p1419778\downloads\simbodybuild\simtkmath\optimizers\src\ipopt\cmakefiles\generate.stamp
c:\users\p1419778\downloads\simbodybuild\simtkmath\optimizers\src\c-cmaes\cmakefiles\generate.stamp
c:\users\p1419778\downloads\simbodybuild\simtkmath\geometry\cmakefiles\generate.stamp
c:\users\p1419778\downloads\simbodybuild\simtkmath\sharedtarget\cmakefiles\generate.stamp
c:\users\p1419778\downloads\simbodybuild\simtkmath\tests\cmakefiles\generate.stamp
c:\users\p1419778\downloads\simbodybuild\simtkmath\tests\adhoc\cmakefiles\generate.stamp
c:\users\p1419778\downloads\simbodybuild\simbody\cmakefiles\generate.stamp
c:\users\p1419778\downloads\simbodybuild\simbody\sharedtarget\cmakefiles\generate.stamp
c:\users\p1419778\downloads\simbodybuild\simbody\visualizer\simbody-visualizer\cmakefiles\generate.stamp
c:\users\p1419778\downloads\simbodybuild\simbody\tests\cmakefiles\generate.stamp
c:\users\p1419778\downloads\simbodybuild\simbody\tests\adhoc\cmakefiles\generate.stamp
c:\users\p1419778\downloads\simbodybuild\examples\cmakefiles\generate.stamp
c:\users\p1419778\downloads\simbodybuild\examples\bricardmechanism\cmakefiles\generate.stamp
c:\users\p1419778\downloads\simbodybuild\examples\gazebo2simbody\cmakefiles\generate.stamp
c:\users\p1419778\downloads\simbodybuild\examples\taskspacecontrol-ur10\cmakefiles\generate.stamp
c:\users\p1419778\downloads\simbodybuild\examples\taskspacecontrol-atlas\cmakefiles\generate.stamp
c:\users\p1419778\downloads\simbodybuild\x64\debug\zero_check\zero_check.tlog\custombuild.command.1.tlog
c:\users\p1419778\downloads\simbodybuild\x64\debug\zero_check\zero_check.tlog\custombuild.read.1.tlog
c:\users\p1419778\downloads\simbodybuild\x64\debug\zero_check\zero_check.tlog\custombuild.write.1.tlog
