  Building Custom Rule C:/Users/p1419778/Downloads/simbody-Simbody-3.6.1/simbody-Simbody-3.6.1/SimTKcommon/sharedTarget/CMakeLists.txt
  CMake does not need to re-run because C:/Users/p1419778/Downloads/SimbodyBuild/SimTKcommon/sharedTarget/CMakeFiles/generate.stamp is up-to-date.
  About.cpp
  NiceTypeName.cpp
  Parallel2DExecutor.cpp
  ParallelExecutor.cpp
  ParallelWorkQueue.cpp
  Pathname.cpp
  Plugin.cpp
  PrivateInstantiations.cpp
  String.cpp
  Timing.cpp
  Xml.cpp
  tinyxml.cpp
  tinyxmlparser.cpp
  Scalar.cpp
  SmallMatrix.cpp
  CoordinateAxis.cpp
  MassProperties.cpp
  Quaternion.cpp
  Rotation.cpp
  Transform.cpp
  UnitVec.cpp
  ElementFilter.cpp
  MatrixCharacteristics.cpp
  MatrixHelper.cpp
  DecorativeGeometry.cpp
  PolygonalMesh.cpp
  Event.cpp
  EventHandler.cpp
  EventReporter.cpp
  Measure.cpp
  State.cpp
  Study.cpp
  Subsystem.cpp
  System.cpp
  Random.cpp
  SFMT.cpp
  PolynomialRootFinder.cpp
  cpoly.cpp
  rpoly.cpp
     Creating library C:/Users/p1419778/Downloads/SimbodyBuild/RelWithDebInfo/SimTKcommon.lib and object C:/Users/p1419778/Downloads/SimbodyBuild/RelWithDebInfo/SimTKcommon.exp
  SimTKcommon.vcxproj -> C:\Users\p1419778\Downloads\SimbodyBuild\RelWithDebInfo\SimTKcommon.dll
