c:\users\p1419778\downloads\simbodybuild\simbody\sharedtarget\simtksimbody.dir\debug\assemblycondition_markers.obj
c:\users\p1419778\downloads\simbodybuild\simbody\sharedtarget\simtksimbody.dir\debug\constraint_sphereonspherecontact.obj
c:\users\p1419778\downloads\simbodybuild\simbody\sharedtarget\simtksimbody.dir\debug\huntcrossleycontact.obj
c:\users\p1419778\downloads\simbodybuild\simbody\sharedtarget\simtksimbody.dir\debug\plusimpulsesolver.obj
c:\users\p1419778\downloads\simbodybuild\simbody\sharedtarget\simtksimbody.dir\debug\simbodymattersubsystem.obj
c:\users\p1419778\downloads\simbodybuild\simbody\sharedtarget\simtksimbody.dir\debug\visualizer_inputlistener.obj
c:\users\p1419778\downloads\simbodybuild\simbody\sharedtarget\simtksimbody.dir\debug\body.obj
c:\users\p1419778\downloads\simbodybuild\simbody\sharedtarget\simtksimbody.dir\debug\constraint.obj
c:\users\p1419778\downloads\simbodybuild\simbody\sharedtarget\simtksimbody.dir\debug\force_linearbushing.obj
c:\users\p1419778\downloads\simbodybuild\simbody\sharedtarget\simtksimbody.dir\debug\obsolete_lengthconstraints.obj
c:\users\p1419778\downloads\simbodybuild\simbody\sharedtarget\simtksimbody.dir\debug\observedpointfitter.obj
c:\users\p1419778\downloads\simbodybuild\simbody\sharedtarget\simtksimbody.dir\debug\simbodymattersubsystemrep.obj
c:\users\p1419778\downloads\simbodybuild\simbody\sharedtarget\simtksimbody.dir\debug\assemblycondition_orientationsensors.obj
c:\users\p1419778\downloads\simbodybuild\simbody\sharedtarget\simtksimbody.dir\debug\constraint_lineonlinecontact.obj
c:\users\p1419778\downloads\simbodybuild\simbody\sharedtarget\simtksimbody.dir\debug\elasticfoundationforce.obj
c:\users\p1419778\downloads\simbodybuild\simbody\sharedtarget\simtksimbody.dir\debug\generalcontactsubsystem.obj
c:\users\p1419778\downloads\simbodybuild\simbody\sharedtarget\simtksimbody.dir\debug\mobilizedbody.obj
c:\users\p1419778\downloads\simbodybuild\simbody\sharedtarget\simtksimbody.dir\debug\rigidbodynode_loneparticle.obj
c:\users\p1419778\downloads\simbodybuild\simbody\sharedtarget\simtksimbody.dir\debug\textdataeventreporter.obj
c:\users\p1419778\downloads\simbodybuild\simbody\sharedtarget\simtksimbody.dir\debug\visualizer_reporter.obj
c:\users\p1419778\downloads\simbodybuild\simbody\sharedtarget\simtksimbody.dir\debug\assembler.obj
c:\users\p1419778\downloads\simbodybuild\simbody\sharedtarget\simtksimbody.dir\debug\constraint_sphereonplanecontact.obj
c:\users\p1419778\downloads\simbodybuild\simbody\sharedtarget\simtksimbody.dir\debug\generalforcesubsystem.obj
c:\users\p1419778\downloads\simbodybuild\simbody\sharedtarget\simtksimbody.dir\debug\pgsimpulsesolver.obj
c:\users\p1419778\downloads\simbodybuild\simbody\sharedtarget\simtksimbody.dir\debug\semiexpliciteulertimestepper.obj
c:\users\p1419778\downloads\simbodybuild\simbody\sharedtarget\simtksimbody.dir\debug\visualizergeometry.obj
c:\users\p1419778\downloads\simbodybuild\simbody\sharedtarget\simtksimbody.dir\debug\cabletrackersubsystem.obj
c:\users\p1419778\downloads\simbodybuild\simbody\sharedtarget\simtksimbody.dir\debug\constraint_rod.obj
c:\users\p1419778\downloads\simbodybuild\simbody\sharedtarget\simtksimbody.dir\debug\force_instantiations.obj
c:\users\p1419778\downloads\simbodybuild\simbody\sharedtarget\simtksimbody.dir\debug\localenergyminimizer.obj
c:\users\p1419778\downloads\simbodybuild\simbody\sharedtarget\simtksimbody.dir\debug\rigidbodynode.obj
c:\users\p1419778\downloads\simbodybuild\simbody\sharedtarget\simtksimbody.dir\debug\simbodymattersubtree.obj
c:\users\p1419778\downloads\simbodybuild\simbody\sharedtarget\simtksimbody.dir\debug\cablespring.obj
c:\users\p1419778\downloads\simbodybuild\simbody\sharedtarget\simtksimbody.dir\debug\conditionalconstraint.obj
c:\users\p1419778\downloads\simbodybuild\simbody\sharedtarget\simtksimbody.dir\debug\decorationsubsystem.obj
c:\users\p1419778\downloads\simbodybuild\simbody\sharedtarget\simtksimbody.dir\debug\forcesubsystem.obj
c:\users\p1419778\downloads\simbodybuild\simbody\sharedtarget\simtksimbody.dir\debug\huntcrossleyforce.obj
c:\users\p1419778\downloads\simbodybuild\simbody\sharedtarget\simtksimbody.dir\debug\motion.obj
c:\users\p1419778\downloads\simbodybuild\simbody\sharedtarget\simtksimbody.dir\debug\rigidbodynode_weld.obj
c:\users\p1419778\downloads\simbodybuild\simbody\sharedtarget\simtksimbody.dir\debug\visualizer.obj
c:\users\p1419778\downloads\simbodybuild\simbody\sharedtarget\simtksimbody.dir\debug\cablepath.obj
c:\users\p1419778\downloads\simbodybuild\simbody\sharedtarget\simtksimbody.dir\debug\constraint_pointonplanecontact.obj
c:\users\p1419778\downloads\simbodybuild\simbody\sharedtarget\simtksimbody.dir\debug\force.obj
c:\users\p1419778\downloads\simbodybuild\simbody\sharedtarget\simtksimbody.dir\debug\force_thermostat.obj
c:\users\p1419778\downloads\simbodybuild\simbody\sharedtarget\simtksimbody.dir\debug\matter_instantiations.obj
c:\users\p1419778\downloads\simbodybuild\simbody\sharedtarget\simtksimbody.dir\debug\rigidbodynodespec_derived.obj
c:\users\p1419778\downloads\simbodybuild\simbody\sharedtarget\simtksimbody.dir\debug\visualizerprotocol.obj
c:\users\p1419778\downloads\simbodybuild\simbody\sharedtarget\simtksimbody.dir\debug\about.obj
c:\users\p1419778\downloads\simbodybuild\simbody\sharedtarget\simtksimbody.dir\debug\compliantcontactsubsystem.obj
c:\users\p1419778\downloads\simbodybuild\simbody\sharedtarget\simtksimbody.dir\debug\contacttrackersubsystem.obj
c:\users\p1419778\downloads\simbodybuild\simbody\sharedtarget\simtksimbody.dir\debug\force_gravity.obj
c:\users\p1419778\downloads\simbodybuild\simbody\sharedtarget\simtksimbody.dir\debug\impulsesolver.obj
c:\users\p1419778\downloads\simbodybuild\simbody\sharedtarget\simtksimbody.dir\debug\multibodysystem.obj
c:\users\p1419778\downloads\simbodybuild\simbody\sharedtarget\simtksimbody.dir\debug\rigidbodynodespec.obj
c:\users\p1419778\downloads\simbodybuild\simbody\sharedtarget\simtksimbody.dir\debug\vc142.pdb
c:\users\p1419778\downloads\simbodybuild\debug\simtksimbody_d.lib
c:\users\p1419778\downloads\simbodybuild\debug\simtksimbody_d.exp
c:\users\p1419778\downloads\simbodybuild\simbody\sharedtarget\cmakefiles\generate.stamp
c:\users\p1419778\downloads\simbodybuild\debug\simtksimbody_d.ilk
c:\users\p1419778\downloads\simbodybuild\debug\simtksimbody_d.dll
c:\users\p1419778\downloads\simbodybuild\debug\simtksimbody_d.pdb
c:\users\p1419778\downloads\simbodybuild\simbody\sharedtarget\simtksimbody.dir\debug\code - s.fdd33a19.tlog\cl.10236.write.1.tlog
c:\users\p1419778\downloads\simbodybuild\simbody\sharedtarget\simtksimbody.dir\debug\code - s.fdd33a19.tlog\cl.command.1.tlog
c:\users\p1419778\downloads\simbodybuild\simbody\sharedtarget\simtksimbody.dir\debug\code - s.fdd33a19.tlog\cl.read.1.tlog
c:\users\p1419778\downloads\simbodybuild\simbody\sharedtarget\simtksimbody.dir\debug\code - s.fdd33a19.tlog\code - simtksimbody.write.1u.tlog
c:\users\p1419778\downloads\simbodybuild\simbody\sharedtarget\simtksimbody.dir\debug\code - s.fdd33a19.tlog\custombuild.command.1.tlog
c:\users\p1419778\downloads\simbodybuild\simbody\sharedtarget\simtksimbody.dir\debug\code - s.fdd33a19.tlog\custombuild.read.1.tlog
c:\users\p1419778\downloads\simbodybuild\simbody\sharedtarget\simtksimbody.dir\debug\code - s.fdd33a19.tlog\custombuild.write.1.tlog
c:\users\p1419778\downloads\simbodybuild\simbody\sharedtarget\simtksimbody.dir\debug\code - s.fdd33a19.tlog\link.command.1.tlog
c:\users\p1419778\downloads\simbodybuild\simbody\sharedtarget\simtksimbody.dir\debug\code - s.fdd33a19.tlog\link.read.1.tlog
c:\users\p1419778\downloads\simbodybuild\simbody\sharedtarget\simtksimbody.dir\debug\code - s.fdd33a19.tlog\link.write.1.tlog
