  Building Custom Rule C:/Users/p1419778/Downloads/simbody-Simbody-3.6.1/simbody-Simbody-3.6.1/SimTKmath/sharedTarget/CMakeLists.txt
  CMake does not need to re-run because C:/Users/p1419778/Downloads/SimbodyBuild/SimTKmath/sharedTarget/CMakeFiles/generate.stamp is up-to-date.
  Eigen.cpp
  Factor.cpp
  FactorQTZ.cpp
  FactorSVD.cpp
  LapackConvert.cpp
  LapackInterface.cpp
  SimTKcpodes.cpp
  nvector_SimTK.cpp
  AbstractIntegratorRep.cpp
  CPodesIntegrator.cpp
  ExplicitEulerIntegrator.cpp
  Integrator.cpp
  RungeKutta2Integrator.cpp
  RungeKutta3Integrator.cpp
  RungeKuttaFeldbergIntegrator.cpp
  RungeKuttaMersonIntegrator.cpp
  SemiExplicitEuler2Integrator.cpp
  SemiExplicitEulerIntegrator.cpp
  TimeStepper.cpp
  VerletIntegrator.cpp
  IpAdaptiveMuUpdate.cpp
  IpAlgBuilder.cpp
  IpAlgorithmRegOp.cpp
  IpAugRestoSystemSolver.cpp
  IpBacktrackingLineSearch.cpp
  IpBlas.cpp
  IpCompoundMatrix.cpp
  IpCompoundSymMatrix.cpp
  IpCompoundVector.cpp
  IpDebug.cpp
  IpDefaultIterateInitializer.cpp
  IpDenseGenMatrix.cpp
  IpDenseSymMatrix.cpp
  IpDenseVector.cpp
  IpDiagMatrix.cpp
  IpExactHessianUpdater.cpp
  IpExpansionMatrix.cpp
  IpFilter.cpp
  IpFilterLSAcceptor.cpp
  IpGenTMatrix.cpp
  IpGradientScaling.cpp
  IpIdentityMatrix.cpp
  IpInterfacesRegOp.cpp
  IpIpoptAlg.cpp
  IpIpoptApplication.cpp
  IpIpoptCalculatedQuantities.cpp
  IpIpoptData.cpp
  IpIteratesVector.cpp
  IpJournalist.cpp
  IpLapack.cpp
  IpLapackSolverInterface.cpp
  IpLeastSquareMults.cpp
  IpLimMemQuasiNewtonUpdater.cpp
  IpLinearSolversRegOp.cpp
  IpLoqoMuOracle.cpp
  IpLowRankAugSystemSolver.cpp
  IpLowRankUpdateSymMatrix.cpp
  IpMatrix.cpp
  IpMonotoneMuUpdate.cpp
  IpMultiVectorMatrix.cpp
  IpNLPScaling.cpp
  IpObserver.cpp
  IpOptErrorConvCheck.cpp
  IpOptionsList.cpp
  IpOrigIpoptNLP.cpp
  IpOrigIterationOutput.cpp
  IpPDFullSpaceSolver.cpp
  IpPDPerturbationHandler.cpp
  IpProbingMuOracle.cpp
  IpQualityFunctionMuOracle.cpp
  IpRegOptions.cpp
  IpRestoFilterConvCheck.cpp
  IpRestoIpoptNLP.cpp
  IpRestoIterateInitializer.cpp
  IpRestoIterationOutput.cpp
  IpRestoMinC_1Nrm.cpp
  IpRestoRestoPhase.cpp
  IpScaledMatrix.cpp
  IpSolveStatistics.cpp
  IpStdAugSystemSolver.cpp
  IpStdCInterface.cpp
  IpStdInterfaceTNLP.cpp
  IpSumMatrix.cpp
  IpSumSymMatrix.cpp
  IpSymMatrix.cpp
  IpSymScaledMatrix.cpp
  IpSymTMatrix.cpp
  IpTNLPAdapter.cpp
  IpTSymLinearSolver.cpp
  IpTaggedObject.cpp
  IpTimingStatistics.cpp
  IpTripletHelper.cpp
  IpTripletToCSRConverter.cpp
  IpTripletToDenseConverter.cpp
  IpUserScaling.cpp
  IpUtils.cpp
  IpVector.cpp
  IpWarmStartIterateInitializer.cpp
  IpZeroMatrix.cpp
  CFSQPOptimizer.cpp
  CMAESOptimizer.cpp
  InteriorPointOptimizer.cpp
  LBFGSBOptimizer.cpp
  LBFGSOptimizer.cpp
  Optimizer.cpp
  OptimizerRep.cpp
  lbfgs.cpp
  lbfgsb.cpp
  BicubicSurface.cpp
  CollisionDetectionAlgorithm.cpp
  Contact.cpp
  ContactGeometry.cpp
  ContactGeometry_Brick.cpp
  ContactGeometry_Cylinder.cpp
  ContactGeometry_Ellipsoid.cpp
  ContactGeometry_HalfSpace.cpp
  ContactGeometry_SmoothHeightMap.cpp
  ContactGeometry_Sphere.cpp
  ContactGeometry_Torus.cpp
  ContactGeometry_TriangleMesh.cpp
  ContactTracker.cpp
  GCVSPLUtil.cpp
  Geo.cpp
  Geo_Box.cpp
  Geo_Point.cpp
  Geo_Sphere.cpp
  Geo_Triangle.cpp
  Geodesic.cpp
  OBBTree.cpp
  OrientedBoundingBox.cpp
  gcvspl.cpp
  About.cpp
  Differentiator.cpp
  MultibodyGraphMaker.cpp
  cpodes.c
  cpodes_band.c
  cpodes_bandpre.c
  cpodes_bbdpre.c
  cpodes_dense.c
  cpodes_direct.c
  cpodes_ic.c
  cpodes_io.c
  cpodes_lapack.c
  cpodes_nls.c
  cpodes_proj.c
  cpodes_root.c
  cpodes_spbcgs.c
  cpodes_spgmr.c
  cpodes_spils.c
  cpodes_sptfqmr.c
  fnvector_serial.c
  nvector_serial.c
  sundials_band.c
  sundials_dense.c
  sundials_direct.c
  sundials_iterative.c
  sundials_lapack.c
  sundials_math.c
  sundials_nvector.c
  sundials_spbcgs.c
  sundials_spgmr.c
  sundials_sptfqmr.c
  cmaes.c
     Creating library C:/Users/p1419778/Downloads/SimbodyBuild/RelWithDebInfo/SimTKmath.lib and object C:/Users/p1419778/Downloads/SimbodyBuild/RelWithDebInfo/SimTKmath.exp
  SimTKmath.vcxproj -> C:\Users\p1419778\Downloads\SimbodyBuild\RelWithDebInfo\SimTKmath.dll
