c:\users\p1419778\downloads\simbodybuild\simtkcommon\sharedtarget\simtkcommon.dir\debug\matrixhelper.obj
c:\users\p1419778\downloads\simbodybuild\simtkcommon\sharedtarget\simtkcommon.dir\debug\polygonalmesh.obj
c:\users\p1419778\downloads\simbodybuild\simtkcommon\sharedtarget\simtkcommon.dir\debug\system.obj
c:\users\p1419778\downloads\simbodybuild\simtkcommon\sharedtarget\simtkcommon.dir\debug\polynomialrootfinder.obj
c:\users\p1419778\downloads\simbodybuild\simtkcommon\sharedtarget\simtkcommon.dir\debug\subsystem.obj
c:\users\p1419778\downloads\simbodybuild\simtkcommon\sharedtarget\simtkcommon.dir\debug\eventhandler.obj
c:\users\p1419778\downloads\simbodybuild\simtkcommon\sharedtarget\simtkcommon.dir\debug\sfmt.obj
c:\users\p1419778\downloads\simbodybuild\simtkcommon\sharedtarget\simtkcommon.dir\debug\state.obj
c:\users\p1419778\downloads\simbodybuild\simtkcommon\sharedtarget\simtkcommon.dir\debug\cpoly.obj
c:\users\p1419778\downloads\simbodybuild\simtkcommon\sharedtarget\simtkcommon.dir\debug\eventreporter.obj
c:\users\p1419778\downloads\simbodybuild\simtkcommon\sharedtarget\simtkcommon.dir\debug\rpoly.obj
c:\users\p1419778\downloads\simbodybuild\simtkcommon\sharedtarget\simtkcommon.dir\debug\measure.obj
c:\users\p1419778\downloads\simbodybuild\simtkcommon\sharedtarget\simtkcommon.dir\debug\random.obj
c:\users\p1419778\downloads\simbodybuild\simtkcommon\sharedtarget\simtkcommon.dir\debug\study.obj
c:\users\p1419778\downloads\simbodybuild\simtkcommon\sharedtarget\simtkcommon.dir\debug\about.obj
c:\users\p1419778\downloads\simbodybuild\simtkcommon\sharedtarget\simtkcommon.dir\debug\string.obj
c:\users\p1419778\downloads\simbodybuild\simtkcommon\sharedtarget\simtkcommon.dir\debug\coordinateaxis.obj
c:\users\p1419778\downloads\simbodybuild\simtkcommon\sharedtarget\simtkcommon.dir\debug\matrixcharacteristics.obj
c:\users\p1419778\downloads\simbodybuild\simtkcommon\sharedtarget\simtkcommon.dir\debug\event.obj
c:\users\p1419778\downloads\simbodybuild\simtkcommon\sharedtarget\simtkcommon.dir\debug\parallelexecutor.obj
c:\users\p1419778\downloads\simbodybuild\simtkcommon\sharedtarget\simtkcommon.dir\debug\smallmatrix.obj
c:\users\p1419778\downloads\simbodybuild\simtkcommon\sharedtarget\simtkcommon.dir\debug\parallel2dexecutor.obj
c:\users\p1419778\downloads\simbodybuild\simtkcommon\sharedtarget\simtkcommon.dir\debug\timing.obj
c:\users\p1419778\downloads\simbodybuild\simtkcommon\sharedtarget\simtkcommon.dir\debug\unitvec.obj
c:\users\p1419778\downloads\simbodybuild\simtkcommon\sharedtarget\simtkcommon.dir\debug\privateinstantiations.obj
c:\users\p1419778\downloads\simbodybuild\simtkcommon\sharedtarget\simtkcommon.dir\debug\massproperties.obj
c:\users\p1419778\downloads\simbodybuild\simtkcommon\sharedtarget\simtkcommon.dir\debug\parallelworkqueue.obj
c:\users\p1419778\downloads\simbodybuild\simtkcommon\sharedtarget\simtkcommon.dir\debug\xml.obj
c:\users\p1419778\downloads\simbodybuild\simtkcommon\sharedtarget\simtkcommon.dir\debug\rotation.obj
c:\users\p1419778\downloads\simbodybuild\simtkcommon\sharedtarget\simtkcommon.dir\debug\nicetypename.obj
c:\users\p1419778\downloads\simbodybuild\simtkcommon\sharedtarget\simtkcommon.dir\debug\tinyxmlparser.obj
c:\users\p1419778\downloads\simbodybuild\simtkcommon\sharedtarget\simtkcommon.dir\debug\transform.obj
c:\users\p1419778\downloads\simbodybuild\simtkcommon\sharedtarget\simtkcommon.dir\debug\pathname.obj
c:\users\p1419778\downloads\simbodybuild\simtkcommon\sharedtarget\simtkcommon.dir\debug\scalar.obj
c:\users\p1419778\downloads\simbodybuild\simtkcommon\sharedtarget\simtkcommon.dir\debug\elementfilter.obj
c:\users\p1419778\downloads\simbodybuild\simtkcommon\sharedtarget\simtkcommon.dir\debug\plugin.obj
c:\users\p1419778\downloads\simbodybuild\simtkcommon\sharedtarget\simtkcommon.dir\debug\tinyxml.obj
c:\users\p1419778\downloads\simbodybuild\simtkcommon\sharedtarget\simtkcommon.dir\debug\quaternion.obj
c:\users\p1419778\downloads\simbodybuild\simtkcommon\sharedtarget\simtkcommon.dir\debug\decorativegeometry.obj
c:\users\p1419778\downloads\simbodybuild\simtkcommon\sharedtarget\simtkcommon.dir\debug\vc142.pdb
c:\users\p1419778\downloads\simbodybuild\debug\simtkcommon_d.lib
c:\users\p1419778\downloads\simbodybuild\debug\simtkcommon_d.exp
c:\users\p1419778\downloads\simbodybuild\simtkcommon\sharedtarget\cmakefiles\generate.stamp
c:\users\p1419778\downloads\simbodybuild\debug\simtkcommon_d.ilk
c:\users\p1419778\downloads\simbodybuild\debug\simtkcommon_d.dll
c:\users\p1419778\downloads\simbodybuild\debug\simtkcommon_d.pdb
c:\users\p1419778\downloads\simbodybuild\simtkcommon\sharedtarget\simtkcommon.dir\debug\code - s.57a7d7c0.tlog\cl.10856.write.1.tlog
c:\users\p1419778\downloads\simbodybuild\simtkcommon\sharedtarget\simtkcommon.dir\debug\code - s.57a7d7c0.tlog\cl.command.1.tlog
c:\users\p1419778\downloads\simbodybuild\simtkcommon\sharedtarget\simtkcommon.dir\debug\code - s.57a7d7c0.tlog\cl.read.1.tlog
c:\users\p1419778\downloads\simbodybuild\simtkcommon\sharedtarget\simtkcommon.dir\debug\code - s.57a7d7c0.tlog\code - simtkcommon.write.1u.tlog
c:\users\p1419778\downloads\simbodybuild\simtkcommon\sharedtarget\simtkcommon.dir\debug\code - s.57a7d7c0.tlog\custombuild.command.1.tlog
c:\users\p1419778\downloads\simbodybuild\simtkcommon\sharedtarget\simtkcommon.dir\debug\code - s.57a7d7c0.tlog\custombuild.read.1.tlog
c:\users\p1419778\downloads\simbodybuild\simtkcommon\sharedtarget\simtkcommon.dir\debug\code - s.57a7d7c0.tlog\custombuild.write.1.tlog
c:\users\p1419778\downloads\simbodybuild\simtkcommon\sharedtarget\simtkcommon.dir\debug\code - s.57a7d7c0.tlog\link.command.1.tlog
c:\users\p1419778\downloads\simbodybuild\simtkcommon\sharedtarget\simtkcommon.dir\debug\code - s.57a7d7c0.tlog\link.read.1.tlog
c:\users\p1419778\downloads\simbodybuild\simtkcommon\sharedtarget\simtkcommon.dir\debug\code - s.57a7d7c0.tlog\link.write.1.tlog
